<?xml version="1.0" encoding="UTF-8"?>
<!-- Generated by org.testng.reporters.JUnitReportReporter -->
<testsuite hostname="DESKTOP-N17SEC1" failures="0" tests="1" name="testCases.TC001_AccountRegistrationTest" time="4.656" errors="0" timestamp="2024-11-26T22:51:22 IST" skipped="0">
  <testcase classname="testCases.TC001_AccountRegistrationTest" name="Verify_account_registration" time="4.656"/>
</testsuite> <!-- testCases.TC001_AccountRegistrationTest -->
