<?xml version="1.0" encoding="UTF-8"?>
<!-- Generated by org.testng.reporters.JUnitReportReporter -->
<testsuite hostname="DESKTOP-N17SEC1" failures="0" tests="1" name="testCases.TC002_LoginTest" time="6.483" errors="0" timestamp="2024-11-27T15:59:30 IST" skipped="0">
  <testcase classname="testCases.TC002_LoginTest" name="verify_login" time="6.483"/>
</testsuite> <!-- testCases.TC002_LoginTest -->
