<?xml version="1.0" encoding="UTF-8"?>
<!-- Generated by org.testng.reporters.JUnitReportReporter -->
<testsuite hostname="DESKTOP-N17SEC1" failures="0" tests="1" name="testCases.TC001_AccountRegistrationTest" time="3.858" errors="0" timestamp="2024-11-27T15:59:30 IST" skipped="0">
  <testcase classname="testCases.TC001_AccountRegistrationTest" name="Verify_account_registration" time="3.858"/>
</testsuite> <!-- testCases.TC001_AccountRegistrationTest -->
